Log file open, 10/14/22 21:41:25
LogInit: Display: Running engine for game: DemographicData
LogPlatformFile: Not using cached read wrapper
LogTaskGraph: Started task graph with 5 named threads and 35 total threads with 3 sets of task threads.
LogStats: Stats thread started at 0.728731
LogD3D11RHI: Loaded GFSDK_Aftermath_Lib.x64.dll
LogICUInternationalization: ICU TimeZone Detection - Raw Offset: +10:00, Platform Override: ''
LogPluginManager: Mounting plugin Paper2D
LogPluginManager: Mounting plugin AISupport
LogPluginManager: Mounting plugin LightPropagationVolume
LogPluginManager: Mounting plugin CameraShakePreviewer
LogPluginManager: Mounting plugin ActorLayerUtilities
LogPluginManager: Mounting plugin AnimationSharing
LogPluginManager: Mounting plugin CLionSourceCodeAccess
LogPluginManager: Mounting plugin CodeLiteSourceCodeAccess
LogPluginManager: Mounting plugin GitSourceControl
LogPluginManager: Mounting plugin KDevelopSourceCodeAccess
LogPluginManager: Mounting plugin NullSourceCodeAccess
LogPluginManager: Mounting plugin PerforceSourceControl
LogPluginManager: Mounting plugin PlasticSourceControl
LogPluginManager: Mounting plugin RiderSourceCodeAccess
LogPluginManager: Mounting plugin SubversionSourceControl
LogPluginManager: Mounting plugin UObjectPlugin
LogPluginManager: Mounting plugin VisualStudioCodeSourceCodeAccess
LogPluginManager: Mounting plugin VisualStudioSourceCodeAccess
LogPluginManager: Mounting plugin XCodeSourceCodeAccess
LogPluginManager: Mounting plugin AssetManagerEditor
LogPluginManager: Mounting plugin CryptoKeys
LogPluginManager: Mounting plugin CurveEditorTools
LogPluginManager: Mounting plugin DataValidation
LogPluginManager: Mounting plugin EditorScriptingUtilities
LogPluginManager: Mounting plugin FacialAnimation
LogPluginManager: Mounting plugin GameplayTagsEditor
LogPluginManager: Mounting plugin GeometryMode
LogPluginManager: Mounting plugin MacGraphicsSwitching
LogPluginManager: Mounting plugin MaterialAnalyzer
LogPluginManager: Mounting plugin MobileLauncherProfileWizard
LogPluginManager: Mounting plugin PluginBrowser
LogPluginManager: Mounting plugin SpeedTreeImporter
LogPluginManager: Mounting plugin DatasmithContent
LogPluginManager: Mounting plugin VariantManagerContent
LogPluginManager: Mounting plugin AlembicImporter
LogPluginManager: Mounting plugin AutomationUtils
LogPluginManager: Mounting plugin BackChannel
LogPluginManager: Mounting plugin ChaosCloth
LogPluginManager: Mounting plugin ChaosClothEditor
LogPluginManager: Mounting plugin ChaosEditor
LogPluginManager: Mounting plugin ChaosNiagara
LogPluginManager: Mounting plugin ChaosSolverPlugin
LogPluginManager: Mounting plugin CharacterAI
LogPluginManager: Mounting plugin GeometryCache
LogPluginManager: Mounting plugin GeometryCollectionPlugin
LogPluginManager: Mounting plugin GeometryProcessing
LogPluginManager: Mounting plugin PlanarCut
LogPluginManager: Mounting plugin PlatformCrypto
LogPluginManager: Mounting plugin ProxyLODPlugin
LogPluginManager: Mounting plugin SkeletalReduction
LogPluginManager: Mounting plugin Niagara
LogPluginManager: Mounting plugin MagicLeap
LogPluginManager: Mounting plugin MagicLeapLightEstimation
LogPluginManager: Mounting plugin MagicLeapMedia
LogPluginManager: Mounting plugin MagicLeapPassableWorld
LogPluginManager: Mounting plugin MLSDK
LogPluginManager: Mounting plugin AndroidMedia
LogPluginManager: Mounting plugin AvfMedia
LogPluginManager: Mounting plugin ImgMedia
LogPluginManager: Mounting plugin MediaCompositing
LogPluginManager: Mounting plugin MediaPlayerEditor
LogPluginManager: Mounting plugin WebMMedia
LogPluginManager: Mounting plugin WmfMedia
LogPluginManager: Mounting plugin MeshPainting
LogPluginManager: Mounting plugin TcpMessaging
LogPluginManager: Mounting plugin UdpMessaging
LogPluginManager: Mounting plugin ActorSequence
LogPluginManager: Mounting plugin LevelSequenceEditor
LogPluginManager: Mounting plugin MatineeToLevelSequence
LogPluginManager: Mounting plugin MovieRenderPipeline
LogPluginManager: Mounting plugin TemplateSequence
LogPluginManager: Mounting plugin NetcodeUnitTest
LogPluginManager: Mounting plugin NUTUnrealEngine4
LogPluginManager: Mounting plugin OnlineSubsystemGooglePlay
LogPluginManager: Mounting plugin OnlineSubsystemIOS
LogPluginManager: Mounting plugin OnlineSubsystem
LogPluginManager: Mounting plugin OnlineSubsystemNull
LogPluginManager: Mounting plugin OnlineSubsystemUtils
LogPluginManager: Mounting plugin LauncherChunkInstaller
LogPluginManager: Mounting plugin AndroidDeviceProfileSelector
LogPluginManager: Mounting plugin AndroidMoviePlayer
LogPluginManager: Mounting plugin AndroidPermission
LogPluginManager: Mounting plugin AppleImageUtils
LogPluginManager: Mounting plugin AppleMoviePlayer
LogPluginManager: Mounting plugin ArchVisCharacter
LogPluginManager: Mounting plugin AssetTags
LogPluginManager: Mounting plugin AudioCapture
LogPluginManager: Mounting plugin CableComponent
LogPluginManager: Mounting plugin CustomMeshComponent
LogPluginManager: Mounting plugin EditableMesh
LogPluginManager: Mounting plugin ExampleDeviceProfileSelector
LogPluginManager: Mounting plugin GoogleCloudMessaging
LogPluginManager: Mounting plugin GooglePAD
LogPluginManager: Mounting plugin IOSDeviceProfileSelector
LogPluginManager: Mounting plugin LinuxDeviceProfileSelector
LogPluginManager: Mounting plugin LocationServicesBPLibrary
LogPluginManager: Mounting plugin MobilePatchingUtils
LogPluginManager: Mounting plugin OculusVR
LogPluginManager: Mounting plugin PhysXVehicles
LogPluginManager: Mounting plugin PostSplashScreen
LogPluginManager: Mounting plugin ProceduralMeshComponent
LogPluginManager: Mounting plugin RuntimePhysXCooking
LogPluginManager: Mounting plugin SignificanceManager
LogPluginManager: Mounting plugin SoundFields
LogPluginManager: Mounting plugin SteamVR
LogPluginManager: Mounting plugin Synthesis
LogPluginManager: Mounting plugin WebMMoviePlayer
LogPluginManager: Mounting plugin WindowsMoviePlayer
LogPluginManager: Mounting plugin ScreenshotTools
LogInit: Using libcurl 7.55.1-DEV
LogInit:  - built for x86_64-pc-win32
LogInit:  - supports SSL with OpenSSL/1.1.1
LogInit:  - supports HTTP deflate (compression) using libz 1.2.8
LogInit:  - other features:
LogInit:      CURL_VERSION_SSL
LogInit:      CURL_VERSION_LIBZ
LogInit:      CURL_VERSION_IPV6
LogInit:      CURL_VERSION_ASYNCHDNS
LogInit:      CURL_VERSION_LARGEFILE
LogInit:      CURL_VERSION_IDN
LogInit:  CurlRequestOptions (configurable via config and command line):
LogInit:  - bVerifyPeer = true  - Libcurl will verify peer certificate
LogInit:  - bUseHttpProxy = false  - Libcurl will NOT use HTTP proxy
LogInit:  - bDontReuseConnections = false  - Libcurl will reuse connections
LogInit:  - MaxHostConnections = 16  - Libcurl will limit the number of connections to a host
LogInit:  - LocalHostAddr = Default
LogInit:  - BufferSize = 65536
LogOnline: OSS: Creating online subsystem instance for: NULL
LogInit: WinSock: version 1.1 (2.2), MaxSocks=32767, MaxUdp=65467
LogOnline: OSS: TryLoadSubsystemAndSetDefault: Loaded subsystem for module [NULL]
LogInit: Build: ++UE4+Release-4.25-CL-14469661
LogInit: Engine Version: 4.25.4-14469661+++UE4+Release-4.25
LogInit: Compatible Engine Version: 4.25.0-13144385+++UE4+Release-4.25
LogInit: Net CL: 13144385
LogInit: OS: Windows 10 (Release 2009) (), CPU: Intel(R) Core(TM) i7-8700K CPU @ 3.70GHz, GPU: NVIDIA GeForce GTX 1080 Ti
LogInit: Compiled (64-bit): Oct 11 2020 08:10:49
LogInit: Compiled with Visual C++: 19.24.28315.00
LogInit: Build Configuration: Development
LogInit: Branch Name: ++UE4+Release-4.25
LogInit: Command Line: 
LogInit: Base Directory: D:/Games/Epic Games/UE_4.25/Engine/Binaries/Win64/
LogInit: Allocator: TBB
LogInit: Installed Engine Build: 1
LogDevObjectVersion: Number of dev versions registered: 26
LogDevObjectVersion:   Dev-Blueprints (B0D832E4-1F89-4F0D-ACCF-7EB736FD4AA2): 10
LogDevObjectVersion:   Dev-Build (E1C64328-A22C-4D53-A36C-8E866417BD8C): 0
LogDevObjectVersion:   Dev-Core (375EC13C-06E4-48FB-B500-84F0262A717E): 4
LogDevObjectVersion:   Dev-Editor (E4B068ED-F494-42E9-A231-DA0B2E46BB41): 38
LogDevObjectVersion:   Dev-Framework (CFFC743F-43B0-4480-9391-14DF171D2073): 37
LogDevObjectVersion:   Dev-Mobile (B02B49B5-BB20-44E9-A304-32B752E40360): 2
LogDevObjectVersion:   Dev-Networking (A4E4105C-59A1-49B5-A7C5-40C4547EDFEE): 0
LogDevObjectVersion:   Dev-Online (39C831C9-5AE6-47DC-9A44-9C173E1C8E7C): 0
LogDevObjectVersion:   Dev-Physics (78F01B33-EBEA-4F98-B9B4-84EACCB95AA2): 4
LogDevObjectVersion:   Dev-Platform (6631380F-2D4D-43E0-8009-CF276956A95A): 0
LogDevObjectVersion:   Dev-Rendering (12F88B9F-8875-4AFC-A67C-D90C383ABD29): 43
LogDevObjectVersion:   Dev-Sequencer (7B5AE74C-D270-4C10-A958-57980B212A5A): 12
LogDevObjectVersion:   Dev-VR (D7296918-1DD6-4BDD-9DE2-64A83CC13884): 3
LogDevObjectVersion:   Dev-LoadTimes (C2A15278-BFE7-4AFE-6C17-90FF531DF755): 1
LogDevObjectVersion:   Private-Geometry (6EACA3D4-40EC-4CC1-B786-8BED09428FC5): 3
LogDevObjectVersion:   Dev-AnimPhys (29E575DD-E0A3-4627-9D10-D276232CDCEA): 17
LogDevObjectVersion:   Dev-Anim (AF43A65D-7FD3-4947-9873-3E8ED9C1BB05): 7
LogDevObjectVersion:   Dev-ReflectionCapture (6B266CEC-1EC7-4B8F-A30B-E4D90942FC07): 1
LogDevObjectVersion:   Dev-Automation (0DF73D61-A23F-47EA-B727-89E90C41499A): 1
LogDevObjectVersion:   FortniteMain (601D1886-AC64-4F84-AA16-D3DE0DEAC7D6): 31
LogDevObjectVersion:   Dev-Enterprise (9DFFBCD6-494F-0158-E221-12823C92A888): 10
LogDevObjectVersion:   Dev-Niagara (F2AED0AC-9AFE-416F-8664-AA7FFA26D6FC): 1
LogDevObjectVersion:   Dev-Destruction (174F1F0B-B4C6-45A5-B13F-2EE8D0FB917D): 10
LogDevObjectVersion:   Dev-Physics-Ext (35F94A83-E258-406C-A318-09F59610247C): 37
LogDevObjectVersion:   Dev-PhysicsMaterial-Chaos (B68FC16E-8B1B-42E2-B453-215C058844FE): 1
LogDevObjectVersion:   Dev-CineCamera (B2E18506-4273-CFC2-A54E-F4BB758BBA07): 1
LogInit: Presizing for max 25165824 objects, including 0 objects not considered by GC, pre-allocating 0 bytes for permanent pool.
LogConfig: Applying CVar settings from Section [/Script/Engine.StreamingSettings] File [C:/Users/Hugh/Documents/GitHub/DataArenaProject/Saved/Config/Windows/Engine.ini]
LogConfig: Setting CVar [[s.MinBulkDataSizeForAsyncLoading:131072]]
LogConfig: Setting CVar [[s.AsyncLoadingThreadEnabled:0]]
LogConfig: Setting CVar [[s.EventDrivenLoaderEnabled:1]]
LogConfig: Setting CVar [[s.WarnIfTimeLimitExceeded:0]]
LogConfig: Setting CVar [[s.TimeLimitExceededMultiplier:1.5]]
LogConfig: Setting CVar [[s.TimeLimitExceededMinTime:0.005]]
LogConfig: Setting CVar [[s.UseBackgroundLevelStreaming:1]]
LogConfig: Setting CVar [[s.PriorityAsyncLoadingExtraTime:15.0]]
LogConfig: Setting CVar [[s.LevelStreamingActorsUpdateTimeLimit:5.0]]
LogConfig: Setting CVar [[s.PriorityLevelStreamingActorsUpdateExtraTime:5.0]]
LogConfig: Setting CVar [[s.LevelStreamingComponentsRegistrationGranularity:10]]
LogConfig: Setting CVar [[s.UnregisterComponentsTimeLimit:1.0]]
LogConfig: Setting CVar [[s.LevelStreamingComponentsUnregistrationGranularity:5]]
LogConfig: Setting CVar [[s.FlushStreamingOnExit:1]]
LogInit: Object subsystem initialized
LogConfig: Setting CVar [[con.DebugEarlyDefault:1]]
LogConfig: Setting CVar [[r.setres:1280x720]]
[2022.10.14-10.41.26:320][  0]LogConfig: Setting CVar [[r.VSync:0]]
[2022.10.14-10.41.26:320][  0]LogConfig: Setting CVar [[r.RHICmdBypass:0]]
[2022.10.14-10.41.26:322][  0]LogConfig: Applying CVar settings from Section [/Script/Engine.RendererSettings] File [C:/Users/Hugh/Documents/GitHub/DataArenaProject/Saved/Config/Windows/Engine.ini]
[2022.10.14-10.41.26:322][  0]LogConfig: Setting CVar [[r.GPUCrashDebugging:0]]
[2022.10.14-10.41.26:322][  0]LogConfig: Applying CVar settings from Section [/Script/Engine.RendererOverrideSettings] File [C:/Users/Hugh/Documents/GitHub/DataArenaProject/Saved/Config/Windows/Engine.ini]
[2022.10.14-10.41.26:322][  0]LogConfig: Applying CVar settings from Section [/Script/Engine.StreamingSettings] File [C:/Users/Hugh/Documents/GitHub/DataArenaProject/Saved/Config/Windows/Engine.ini]
[2022.10.14-10.41.26:322][  0]LogConfig: Setting CVar [[s.MinBulkDataSizeForAsyncLoading:131072]]
[2022.10.14-10.41.26:322][  0]LogConfig: Setting CVar [[s.AsyncLoadingThreadEnabled:0]]
[2022.10.14-10.41.26:322][  0]LogConfig: Setting CVar [[s.EventDrivenLoaderEnabled:1]]
[2022.10.14-10.41.26:322][  0]LogConfig: Setting CVar [[s.WarnIfTimeLimitExceeded:0]]
[2022.10.14-10.41.26:322][  0]LogConfig: Setting CVar [[s.TimeLimitExceededMultiplier:1.5]]
[2022.10.14-10.41.26:322][  0]LogConfig: Setting CVar [[s.TimeLimitExceededMinTime:0.005]]
[2022.10.14-10.41.26:322][  0]LogConfig: Setting CVar [[s.UseBackgroundLevelStreaming:1]]
[2022.10.14-10.41.26:322][  0]LogConfig: Setting CVar [[s.PriorityAsyncLoadingExtraTime:15.0]]
[2022.10.14-10.41.26:322][  0]LogConfig: Setting CVar [[s.LevelStreamingActorsUpdateTimeLimit:5.0]]
[2022.10.14-10.41.26:322][  0]LogConfig: Setting CVar [[s.PriorityLevelStreamingActorsUpdateExtraTime:5.0]]
[2022.10.14-10.41.26:322][  0]LogConfig: Setting CVar [[s.LevelStreamingComponentsRegistrationGranularity:10]]
[2022.10.14-10.41.26:322][  0]LogConfig: Setting CVar [[s.UnregisterComponentsTimeLimit:1.0]]
[2022.10.14-10.41.26:322][  0]LogConfig: Setting CVar [[s.LevelStreamingComponentsUnregistrationGranularity:5]]
[2022.10.14-10.41.26:322][  0]LogConfig: Setting CVar [[s.FlushStreamingOnExit:1]]
[2022.10.14-10.41.26:322][  0]LogConfig: Applying CVar settings from Section [/Script/Engine.GarbageCollectionSettings] File [C:/Users/Hugh/Documents/GitHub/DataArenaProject/Saved/Config/Windows/Engine.ini]
[2022.10.14-10.41.26:322][  0]LogConfig: Setting CVar [[gc.MaxObjectsNotConsideredByGC:1]]
[2022.10.14-10.41.26:322][  0]LogConfig: Setting CVar [[gc.SizeOfPermanentObjectPool:0]]
[2022.10.14-10.41.26:322][  0]LogConfig: Setting CVar [[gc.FlushStreamingOnGC:0]]
[2022.10.14-10.41.26:322][  0]LogConfig: Setting CVar [[gc.NumRetriesBeforeForcingGC:10]]
[2022.10.14-10.41.26:322][  0]LogConfig: Setting CVar [[gc.AllowParallelGC:1]]
[2022.10.14-10.41.26:322][  0]LogConfig: Setting CVar [[gc.TimeBetweenPurgingPendingKillObjects:61.1]]
[2022.10.14-10.41.26:322][  0]LogConfig: Setting CVar [[gc.MaxObjectsInEditor:25165824]]
[2022.10.14-10.41.26:322][  0]LogConfig: Setting CVar [[gc.IncrementalBeginDestroyEnabled:1]]
[2022.10.14-10.41.26:322][  0]LogConfig: Setting CVar [[gc.CreateGCClusters:1]]
[2022.10.14-10.41.26:322][  0]LogConfig: Setting CVar [[gc.MinGCClusterSize:5]]
[2022.10.14-10.41.26:322][  0]LogConfig: Setting CVar [[gc.ActorClusteringEnabled:0]]
[2022.10.14-10.41.26:322][  0]LogConfig: Setting CVar [[gc.BlueprintClusteringEnabled:0]]
[2022.10.14-10.41.26:322][  0]LogConfig: Setting CVar [[gc.UseDisregardForGCOnDedicatedServers:0]]
[2022.10.14-10.41.26:322][  0]LogConfig: Applying CVar settings from Section [/Script/Engine.NetworkSettings] File [C:/Users/Hugh/Documents/GitHub/DataArenaProject/Saved/Config/Windows/Engine.ini]
[2022.10.14-10.41.26:322][  0]LogConfig: Applying CVar settings from Section [/Script/UnrealEd.CookerSettings] File [C:/Users/Hugh/Documents/GitHub/DataArenaProject/Saved/Config/Windows/Engine.ini]
[2022.10.14-10.41.26:335][  0]LogConfig: Applying CVar settings from Section [ViewDistanceQuality@3] File [C:/Users/Hugh/Documents/GitHub/DataArenaProject/Saved/Config/Windows/Scalability.ini]
[2022.10.14-10.41.26:335][  0]LogConfig: Setting CVar [[r.SkeletalMeshLODBias:0]]
[2022.10.14-10.41.26:335][  0]LogConfig: Setting CVar [[r.ViewDistanceScale:1.0]]
[2022.10.14-10.41.26:335][  0]LogConfig: Applying CVar settings from Section [AntiAliasingQuality@3] File [C:/Users/Hugh/Documents/GitHub/DataArenaProject/Saved/Config/Windows/Scalability.ini]
[2022.10.14-10.41.26:335][  0]LogConfig: Setting CVar [[r.PostProcessAAQuality:4]]
[2022.10.14-10.41.26:335][  0]LogConfig: Applying CVar settings from Section [ShadowQuality@3] File [C:/Users/Hugh/Documents/GitHub/DataArenaProject/Saved/Config/Windows/Scalability.ini]
[2022.10.14-10.41.26:335][  0]LogConfig: Setting CVar [[r.LightFunctionQuality:1]]
[2022.10.14-10.41.26:335][  0]LogConfig: Setting CVar [[r.ShadowQuality:5]]
[2022.10.14-10.41.26:335][  0]LogConfig: Setting CVar [[r.Shadow.CSM.MaxCascades:10]]
[2022.10.14-10.41.26:335][  0]LogConfig: Setting CVar [[r.Shadow.MaxResolution:2048]]
[2022.10.14-10.41.26:335][  0]LogConfig: Setting CVar [[r.Shadow.MaxCSMResolution:2048]]
[2022.10.14-10.41.26:335][  0]LogConfig: Setting CVar [[r.Shadow.RadiusThreshold:0.01]]
[2022.10.14-10.41.26:335][  0]LogConfig: Setting CVar [[r.Shadow.DistanceScale:1.0]]
[2022.10.14-10.41.26:335][  0]LogConfig: Setting CVar [[r.Shadow.CSM.TransitionScale:1.0]]
[2022.10.14-10.41.26:335][  0]LogConfig: Setting CVar [[r.Shadow.PreShadowResolutionFactor:1.0]]
[2022.10.14-10.41.26:335][  0]LogConfig: Setting CVar [[r.DistanceFieldShadowing:1]]
[2022.10.14-10.41.26:335][  0]LogConfig: Setting CVar [[r.DistanceFieldAO:1]]
[2022.10.14-10.41.26:335][  0]LogConfig: Setting CVar [[r.AOQuality:2]]
[2022.10.14-10.41.26:335][  0]LogConfig: Setting CVar [[r.VolumetricFog:1]]
[2022.10.14-10.41.26:335][  0]LogConfig: Setting CVar [[r.VolumetricFog.GridPixelSize:8]]
[2022.10.14-10.41.26:335][  0]LogConfig: Setting CVar [[r.VolumetricFog.GridSizeZ:128]]
[2022.10.14-10.41.26:335][  0]LogConfig: Setting CVar [[r.VolumetricFog.HistoryMissSupersampleCount:4]]
[2022.10.14-10.41.26:335][  0]LogConfig: Setting CVar [[r.LightMaxDrawDistanceScale:1]]
[2022.10.14-10.41.26:335][  0]LogConfig: Setting CVar [[r.CapsuleShadows:1]]
[2022.10.14-10.41.26:335][  0]LogConfig: Applying CVar settings from Section [PostProcessQuality@3] File [C:/Users/Hugh/Documents/GitHub/DataArenaProject/Saved/Config/Windows/Scalability.ini]
[2022.10.14-10.41.26:335][  0]LogConfig: Setting CVar [[r.MotionBlurQuality:4]]
[2022.10.14-10.41.26:335][  0]LogConfig: Setting CVar [[r.AmbientOcclusionMipLevelFactor:0.4]]
[2022.10.14-10.41.26:335][  0]LogConfig: Setting CVar [[r.AmbientOcclusionMaxQuality:100]]
[2022.10.14-10.41.26:335][  0]LogConfig: Setting CVar [[r.AmbientOcclusionLevels:-1]]
[2022.10.14-10.41.26:335][  0]LogConfig: Setting CVar [[r.AmbientOcclusionRadiusScale:1.0]]
[2022.10.14-10.41.26:335][  0]LogConfig: Setting CVar [[r.DepthOfFieldQuality:2]]
[2022.10.14-10.41.26:335][  0]LogConfig: Setting CVar [[r.RenderTargetPoolMin:400]]
[2022.10.14-10.41.26:335][  0]LogConfig: Setting CVar [[r.LensFlareQuality:2]]
[2022.10.14-10.41.26:335][  0]LogConfig: Setting CVar [[r.SceneColorFringeQuality:1]]
[2022.10.14-10.41.26:335][  0]LogConfig: Setting CVar [[r.EyeAdaptationQuality:2]]
[2022.10.14-10.41.26:335][  0]LogConfig: Setting CVar [[r.BloomQuality:5]]
[2022.10.14-10.41.26:335][  0]LogConfig: Setting CVar [[r.FastBlurThreshold:100]]
[2022.10.14-10.41.26:335][  0]LogConfig: Setting CVar [[r.Upscale.Quality:3]]
[2022.10.14-10.41.26:335][  0]LogConfig: Setting CVar [[r.Tonemapper.GrainQuantization:1]]
[2022.10.14-10.41.26:335][  0]LogConfig: Setting CVar [[r.LightShaftQuality:1]]
[2022.10.14-10.41.26:335][  0]LogConfig: Setting CVar [[r.Filter.SizeScale:1]]
[2022.10.14-10.41.26:335][  0]LogConfig: Setting CVar [[r.Tonemapper.Quality:5]]
[2022.10.14-10.41.26:335][  0]LogConfig: Setting CVar [[r.DOF.Gather.AccumulatorQuality:1        ; higher gathering accumulator quality]]
[2022.10.14-10.41.26:335][  0]LogConfig: Setting CVar [[r.DOF.Gather.PostfilterMethod:1          ; Median3x3 postfilering method]]
[2022.10.14-10.41.26:335][  0]LogConfig: Setting CVar [[r.DOF.Gather.EnableBokehSettings:0       ; no bokeh simulation when gathering]]
[2022.10.14-10.41.26:335][  0]LogConfig: Setting CVar [[r.DOF.Gather.RingCount:4                 ; medium number of samples when gathering]]
[2022.10.14-10.41.26:335][  0]LogConfig: Setting CVar [[r.DOF.Scatter.ForegroundCompositing:1    ; additive foreground scattering]]
[2022.10.14-10.41.26:336][  0]LogConfig: Setting CVar [[r.DOF.Scatter.BackgroundCompositing:2    ; additive background scattering]]
[2022.10.14-10.41.26:336][  0]LogConfig: Setting CVar [[r.DOF.Scatter.EnableBokehSettings:1      ; bokeh simulation when scattering]]
[2022.10.14-10.41.26:336][  0]LogConfig: Setting CVar [[r.DOF.Scatter.MaxSpriteRatio:0.1         ; only a maximum of 10% of scattered bokeh]]
[2022.10.14-10.41.26:336][  0]LogConfig: Setting CVar [[r.DOF.Recombine.Quality:1                ; cheap slight out of focus]]
[2022.10.14-10.41.26:336][  0]LogConfig: Setting CVar [[r.DOF.Recombine.EnableBokehSettings:0    ; no bokeh simulation on slight out of focus]]
[2022.10.14-10.41.26:336][  0]LogConfig: Setting CVar [[r.DOF.TemporalAAQuality:1                ; more stable temporal accumulation]]
[2022.10.14-10.41.26:336][  0]LogConfig: Setting CVar [[r.DOF.Kernel.MaxForegroundRadius:0.025]]
[2022.10.14-10.41.26:336][  0]LogConfig: Setting CVar [[r.DOF.Kernel.MaxBackgroundRadius:0.025]]
[2022.10.14-10.41.26:336][  0]LogConfig: Applying CVar settings from Section [TextureQuality@3] File [C:/Users/Hugh/Documents/GitHub/DataArenaProject/Saved/Config/Windows/Scalability.ini]
[2022.10.14-10.41.26:336][  0]LogConfig: Setting CVar [[r.Streaming.MipBias:0]]
[2022.10.14-10.41.26:336][  0]LogConfig: Setting CVar [[r.Streaming.AmortizeCPUToGPUCopy:0]]
[2022.10.14-10.41.26:336][  0]LogConfig: Setting CVar [[r.Streaming.MaxNumTexturesToStreamPerFrame:0]]
[2022.10.14-10.41.26:336][  0]LogConfig: Setting CVar [[r.Streaming.Boost:1]]
[2022.10.14-10.41.26:336][  0]LogConfig: Setting CVar [[r.MaxAnisotropy:8]]
[2022.10.14-10.41.26:336][  0]LogConfig: Setting CVar [[r.VT.MaxAnisotropy:8]]
[2022.10.14-10.41.26:336][  0]LogConfig: Setting CVar [[r.Streaming.LimitPoolSizeToVRAM:0]]
[2022.10.14-10.41.26:336][  0]LogConfig: Setting CVar [[r.Streaming.PoolSize:1000]]
[2022.10.14-10.41.26:336][  0]LogConfig: Setting CVar [[r.Streaming.MaxEffectiveScreenSize:0]]
[2022.10.14-10.41.26:336][  0]LogConfig: Applying CVar settings from Section [EffectsQuality@3] File [C:/Users/Hugh/Documents/GitHub/DataArenaProject/Saved/Config/Windows/Scalability.ini]
[2022.10.14-10.41.26:336][  0]LogConfig: Setting CVar [[r.TranslucencyLightingVolumeDim:64]]
[2022.10.14-10.41.26:336][  0]LogConfig: Setting CVar [[r.RefractionQuality:2]]
[2022.10.14-10.41.26:336][  0]LogConfig: Setting CVar [[r.SSR.Quality:3]]
[2022.10.14-10.41.26:336][  0]LogConfig: Setting CVar [[r.SSR.HalfResSceneColor:0]]
[2022.10.14-10.41.26:336][  0]LogConfig: Setting CVar [[r.SceneColorFormat:4]]
[2022.10.14-10.41.26:336][  0]LogConfig: Setting CVar [[r.DetailMode:2]]
[2022.10.14-10.41.26:336][  0]LogConfig: Setting CVar [[r.TranslucencyVolumeBlur:1]]
[2022.10.14-10.41.26:336][  0]LogConfig: Setting CVar [[r.MaterialQualityLevel:1 ; High quality]]
[2022.10.14-10.41.26:336][  0]LogConfig: Setting CVar [[r.SSS.Scale:1]]
[2022.10.14-10.41.26:336][  0]LogConfig: Setting CVar [[r.SSS.SampleSet:2]]
[2022.10.14-10.41.26:336][  0]LogConfig: Setting CVar [[r.SSS.Quality:1]]
[2022.10.14-10.41.26:336][  0]LogConfig: Setting CVar [[r.SSS.HalfRes:0]]
[2022.10.14-10.41.26:336][  0]LogConfig: Setting CVar [[r.SSGI.Quality:3]]
[2022.10.14-10.41.26:336][  0]LogConfig: Setting CVar [[r.EmitterSpawnRateScale:1.0]]
[2022.10.14-10.41.26:336][  0]LogConfig: Setting CVar [[r.ParticleLightQuality:2]]
[2022.10.14-10.41.26:336][  0]LogConfig: Setting CVar [[r.SkyAtmosphere.AerialPerspectiveLUT.FastApplyOnOpaque:1 ; Always have FastSkyLUT 1 in this case to avoid wrong sky]]
[2022.10.14-10.41.26:336][  0]LogConfig: Setting CVar [[r.SkyAtmosphere.AerialPerspectiveLUT.SampleCountPerSlice:1]]
[2022.10.14-10.41.26:336][  0]LogConfig: Setting CVar [[r.SkyAtmosphere.AerialPerspectiveLUT.DepthResolution:16.0]]
[2022.10.14-10.41.26:336][  0]LogConfig: Setting CVar [[r.SkyAtmosphere.FastSkyLUT:1]]
[2022.10.14-10.41.26:336][  0]LogConfig: Setting CVar [[r.SkyAtmosphere.FastSkyLUT.SampleCountMin:4.0]]
[2022.10.14-10.41.26:336][  0]LogConfig: Setting CVar [[r.SkyAtmosphere.FastSkyLUT.SampleCountMax:32.0]]
[2022.10.14-10.41.26:336][  0]LogConfig: Setting CVar [[r.SkyAtmosphere.SampleCountMin:4.0]]
[2022.10.14-10.41.26:336][  0]LogConfig: Setting CVar [[r.SkyAtmosphere.SampleCountMax:32.0]]
[2022.10.14-10.41.26:336][  0]LogConfig: Setting CVar [[r.SkyAtmosphere.TransmittanceLUT.UseSmallFormat:0]]
[2022.10.14-10.41.26:336][  0]LogConfig: Setting CVar [[r.SkyAtmosphere.TransmittanceLUT.SampleCount:10.0]]
[2022.10.14-10.41.26:336][  0]LogConfig: Setting CVar [[r.SkyAtmosphere.MultiScatteringLUT.SampleCount:15.0]]
[2022.10.14-10.41.26:336][  0]LogConfig: Applying CVar settings from Section [FoliageQuality@3] File [C:/Users/Hugh/Documents/GitHub/DataArenaProject/Saved/Config/Windows/Scalability.ini]
[2022.10.14-10.41.26:336][  0]LogConfig: Setting CVar [[foliage.DensityScale:1.0]]
[2022.10.14-10.41.26:336][  0]LogConfig: Setting CVar [[grass.DensityScale:1.0]]
[2022.10.14-10.41.26:336][  0]LogConfig: Applying CVar settings from Section [ShadingQuality@3] File [C:/Users/Hugh/Documents/GitHub/DataArenaProject/Saved/Config/Windows/Scalability.ini]
[2022.10.14-10.41.26:336][  0]LogConfig: Setting CVar [[r.HairStrands.SkyLighting.SampleCount:16]]
[2022.10.14-10.41.26:336][  0]LogConfig: Setting CVar [[r.HairStrands.SkyLighting.JitterIntegration:0]]
[2022.10.14-10.41.26:336][  0]LogConfig: Setting CVar [[r.HairStrands.SkyAO.SampleCount:16]]
[2022.10.14-10.41.26:336][  0]LogConfig: Setting CVar [[r.HairStrands.DeepShadow.SuperSampling:0]]
[2022.10.14-10.41.26:336][  0]LogConfig: Setting CVar [[r.HairStrands.VisibilityPPLL:0]]
[2022.10.14-10.41.26:336][  0]LogConfig: Setting CVar [[r.HairStrands.RasterizationScale:0.5]]
[2022.10.14-10.41.26:336][  0]LogConfig: Setting CVar [[r.HairStrands.VelocityRasterizationScale:1]]
[2022.10.14-10.41.26:337][  0]LogInit: Selected Device Profile: [Windows]
[2022.10.14-10.41.26:337][  0]LogInit: Applying CVar settings loaded from the selected device profile: [Windows]
[2022.10.14-10.41.26:339][  0]LogHAL: Display: Platform has ~ 32 GB [34286002176 / 34359738368 / 32], which maps to Largest [LargestMinGB=32, LargerMinGB=12, DefaultMinGB=8, SmallerMinGB=6, SmallestMinGB=0)
[2022.10.14-10.41.26:339][  0]LogInit: Going up to parent DeviceProfile []
[2022.10.14-10.41.26:339][  0]LogConfig: Applying CVar settings from Section [ViewDistanceQuality@3] File [C:/Users/Hugh/Documents/GitHub/DataArenaProject/Saved/Config/Windows/Scalability.ini]
[2022.10.14-10.41.26:339][  0]LogConfig: Setting CVar [[r.SkeletalMeshLODBias:0]]
[2022.10.14-10.41.26:339][  0]LogConfig: Setting CVar [[r.ViewDistanceScale:1.0]]
[2022.10.14-10.41.26:339][  0]LogConfig: Applying CVar settings from Section [AntiAliasingQuality@3] File [C:/Users/Hugh/Documents/GitHub/DataArenaProject/Saved/Config/Windows/Scalability.ini]
[2022.10.14-10.41.26:339][  0]LogConfig: Setting CVar [[r.PostProcessAAQuality:4]]
[2022.10.14-10.41.26:339][  0]LogConfig: Applying CVar settings from Section [ShadowQuality@3] File [C:/Users/Hugh/Documents/GitHub/DataArenaProject/Saved/Config/Windows/Scalability.ini]
[2022.10.14-10.41.26:339][  0]LogConfig: Setting CVar [[r.LightFunctionQuality:1]]
[2022.10.14-10.41.26:339][  0]LogConfig: Setting CVar [[r.ShadowQuality:5]]
[2022.10.14-10.41.26:339][  0]LogConfig: Setting CVar [[r.Shadow.CSM.MaxCascades:10]]
[2022.10.14-10.41.26:339][  0]LogConfig: Setting CVar [[r.Shadow.MaxResolution:2048]]
[2022.10.14-10.41.26:339][  0]LogConfig: Setting CVar [[r.Shadow.MaxCSMResolution:2048]]
[2022.10.14-10.41.26:339][  0]LogConfig: Setting CVar [[r.Shadow.RadiusThreshold:0.01]]
[2022.10.14-10.41.26:339][  0]LogConfig: Setting CVar [[r.Shadow.DistanceScale:1.0]]
[2022.10.14-10.41.26:339][  0]LogConfig: Setting CVar [[r.Shadow.CSM.TransitionScale:1.0]]
[2022.10.14-10.41.26:339][  0]LogConfig: Setting CVar [[r.Shadow.PreShadowResolutionFactor:1.0]]
[2022.10.14-10.41.26:339][  0]LogConfig: Setting CVar [[r.DistanceFieldShadowing:1]]
[2022.10.14-10.41.26:339][  0]LogConfig: Setting CVar [[r.DistanceFieldAO:1]]
[2022.10.14-10.41.26:339][  0]LogConfig: Setting CVar [[r.AOQuality:2]]
[2022.10.14-10.41.26:339][  0]LogConfig: Setting CVar [[r.VolumetricFog:1]]
[2022.10.14-10.41.26:339][  0]LogConfig: Setting CVar [[r.VolumetricFog.GridPixelSize:8]]
[2022.10.14-10.41.26:339][  0]LogConfig: Setting CVar [[r.VolumetricFog.GridSizeZ:128]]
[2022.10.14-10.41.26:339][  0]LogConfig: Setting CVar [[r.VolumetricFog.HistoryMissSupersampleCount:4]]
[2022.10.14-10.41.26:339][  0]LogConfig: Setting CVar [[r.LightMaxDrawDistanceScale:1]]
[2022.10.14-10.41.26:339][  0]LogConfig: Setting CVar [[r.CapsuleShadows:1]]
[2022.10.14-10.41.26:339][  0]LogConfig: Applying CVar settings from Section [PostProcessQuality@3] File [C:/Users/Hugh/Documents/GitHub/DataArenaProject/Saved/Config/Windows/Scalability.ini]
[2022.10.14-10.41.26:339][  0]LogConfig: Setting CVar [[r.MotionBlurQuality:4]]
[2022.10.14-10.41.26:339][  0]LogConfig: Setting CVar [[r.AmbientOcclusionMipLevelFactor:0.4]]
[2022.10.14-10.41.26:339][  0]LogConfig: Setting CVar [[r.AmbientOcclusionMaxQuality:100]]
[2022.10.14-10.41.26:339][  0]LogConfig: Setting CVar [[r.AmbientOcclusionLevels:-1]]
[2022.10.14-10.41.26:339][  0]LogConfig: Setting CVar [[r.AmbientOcclusionRadiusScale:1.0]]
[2022.10.14-10.41.26:339][  0]LogConfig: Setting CVar [[r.DepthOfFieldQuality:2]]
[2022.10.14-10.41.26:339][  0]LogConfig: Setting CVar [[r.RenderTargetPoolMin:400]]
[2022.10.14-10.41.26:339][  0]LogConfig: Setting CVar [[r.LensFlareQuality:2]]
[2022.10.14-10.41.26:339][  0]LogConfig: Setting CVar [[r.SceneColorFringeQuality:1]]
[2022.10.14-10.41.26:339][  0]LogConfig: Setting CVar [[r.EyeAdaptationQuality:2]]
[2022.10.14-10.41.26:339][  0]LogConfig: Setting CVar [[r.BloomQuality:5]]
[2022.10.14-10.41.26:339][  0]LogConfig: Setting CVar [[r.FastBlurThreshold:100]]
[2022.10.14-10.41.26:339][  0]LogConfig: Setting CVar [[r.Upscale.Quality:3]]
[2022.10.14-10.41.26:339][  0]LogConfig: Setting CVar [[r.Tonemapper.GrainQuantization:1]]
[2022.10.14-10.41.26:339][  0]LogConfig: Setting CVar [[r.LightShaftQuality:1]]
[2022.10.14-10.41.26:339][  0]LogConfig: Setting CVar [[r.Filter.SizeScale:1]]
[2022.10.14-10.41.26:339][  0]LogConfig: Setting CVar [[r.Tonemapper.Quality:5]]
[2022.10.14-10.41.26:339][  0]LogConfig: Setting CVar [[r.DOF.Gather.AccumulatorQuality:1        ; higher gathering accumulator quality]]
[2022.10.14-10.41.26:339][  0]LogConfig: Setting CVar [[r.DOF.Gather.PostfilterMethod:1          ; Median3x3 postfilering method]]
[2022.10.14-10.41.26:339][  0]LogConfig: Setting CVar [[r.DOF.Gather.EnableBokehSettings:0       ; no bokeh simulation when gathering]]
[2022.10.14-10.41.26:339][  0]LogConfig: Setting CVar [[r.DOF.Gather.RingCount:4                 ; medium number of samples when gathering]]
[2022.10.14-10.41.26:339][  0]LogConfig: Setting CVar [[r.DOF.Scatter.ForegroundCompositing:1    ; additive foreground scattering]]
[2022.10.14-10.41.26:339][  0]LogConfig: Setting CVar [[r.DOF.Scatter.BackgroundCompositing:2    ; additive background scattering]]
[2022.10.14-10.41.26:339][  0]LogConfig: Setting CVar [[r.DOF.Scatter.EnableBokehSettings:1      ; bokeh simulation when scattering]]
[2022.10.14-10.41.26:339][  0]LogConfig: Setting CVar [[r.DOF.Scatter.MaxSpriteRatio:0.1         ; only a maximum of 10% of scattered bokeh]]
[2022.10.14-10.41.26:339][  0]LogConfig: Setting CVar [[r.DOF.Recombine.Quality:1                ; cheap slight out of focus]]
[2022.10.14-10.41.26:339][  0]LogConfig: Setting CVar [[r.DOF.Recombine.EnableBokehSettings:0    ; no bokeh simulation on slight out of focus]]
[2022.10.14-10.41.26:339][  0]LogConfig: Setting CVar [[r.DOF.TemporalAAQuality:1                ; more stable temporal accumulation]]
[2022.10.14-10.41.26:339][  0]LogConfig: Setting CVar [[r.DOF.Kernel.MaxForegroundRadius:0.025]]
[2022.10.14-10.41.26:339][  0]LogConfig: Setting CVar [[r.DOF.Kernel.MaxBackgroundRadius:0.025]]
[2022.10.14-10.41.26:339][  0]LogConfig: Applying CVar settings from Section [TextureQuality@3] File [C:/Users/Hugh/Documents/GitHub/DataArenaProject/Saved/Config/Windows/Scalability.ini]
[2022.10.14-10.41.26:339][  0]LogConfig: Setting CVar [[r.Streaming.MipBias:0]]
[2022.10.14-10.41.26:340][  0]LogConfig: Setting CVar [[r.Streaming.AmortizeCPUToGPUCopy:0]]
[2022.10.14-10.41.26:340][  0]LogConfig: Setting CVar [[r.Streaming.MaxNumTexturesToStreamPerFrame:0]]
[2022.10.14-10.41.26:340][  0]LogConfig: Setting CVar [[r.Streaming.Boost:1]]
[2022.10.14-10.41.26:340][  0]LogConfig: Setting CVar [[r.MaxAnisotropy:8]]
[2022.10.14-10.41.26:340][  0]LogConfig: Setting CVar [[r.VT.MaxAnisotropy:8]]
[2022.10.14-10.41.26:340][  0]LogConfig: Setting CVar [[r.Streaming.LimitPoolSizeToVRAM:0]]
[2022.10.14-10.41.26:340][  0]LogConfig: Setting CVar [[r.Streaming.PoolSize:1000]]
[2022.10.14-10.41.26:340][  0]LogConfig: Setting CVar [[r.Streaming.MaxEffectiveScreenSize:0]]
[2022.10.14-10.41.26:340][  0]LogConfig: Applying CVar settings from Section [EffectsQuality@3] File [C:/Users/Hugh/Documents/GitHub/DataArenaProject/Saved/Config/Windows/Scalability.ini]
[2022.10.14-10.41.26:340][  0]LogConfig: Setting CVar [[r.TranslucencyLightingVolumeDim:64]]
[2022.10.14-10.41.26:340][  0]LogConfig: Setting CVar [[r.RefractionQuality:2]]
[2022.10.14-10.41.26:340][  0]LogConfig: Setting CVar [[r.SSR.Quality:3]]
[2022.10.14-10.41.26:340][  0]LogConfig: Setting CVar [[r.SSR.HalfResSceneColor:0]]
[2022.10.14-10.41.26:340][  0]LogConfig: Setting CVar [[r.SceneColorFormat:4]]
[2022.10.14-10.41.26:340][  0]LogConfig: Setting CVar [[r.DetailMode:2]]
[2022.10.14-10.41.26:340][  0]LogConfig: Setting CVar [[r.TranslucencyVolumeBlur:1]]
[2022.10.14-10.41.26:340][  0]LogConfig: Setting CVar [[r.MaterialQualityLevel:1 ; High quality]]
[2022.10.14-10.41.26:340][  0]LogConfig: Setting CVar [[r.SSS.Scale:1]]
[2022.10.14-10.41.26:340][  0]LogConfig: Setting CVar [[r.SSS.SampleSet:2]]
[2022.10.14-10.41.26:340][  0]LogConfig: Setting CVar [[r.SSS.Quality:1]]
[2022.10.14-10.41.26:340][  0]LogConfig: Setting CVar [[r.SSS.HalfRes:0]]
[2022.10.14-10.41.26:340][  0]LogConfig: Setting CVar [[r.SSGI.Quality:3]]
[2022.10.14-10.41.26:340][  0]LogConfig: Setting CVar [[r.EmitterSpawnRateScale:1.0]]
[2022.10.14-10.41.26:340][  0]LogConfig: Setting CVar [[r.ParticleLightQuality:2]]
[2022.10.14-10.41.26:340][  0]LogConfig: Setting CVar [[r.SkyAtmosphere.AerialPerspectiveLUT.FastApplyOnOpaque:1 ; Always have FastSkyLUT 1 in this case to avoid wrong sky]]
[2022.10.14-10.41.26:340][  0]LogConfig: Setting CVar [[r.SkyAtmosphere.AerialPerspectiveLUT.SampleCountPerSlice:1]]
[2022.10.14-10.41.26:340][  0]LogConfig: Setting CVar [[r.SkyAtmosphere.AerialPerspectiveLUT.DepthResolution:16.0]]
[2022.10.14-10.41.26:340][  0]LogConfig: Setting CVar [[r.SkyAtmosphere.FastSkyLUT:1]]
[2022.10.14-10.41.26:340][  0]LogConfig: Setting CVar [[r.SkyAtmosphere.FastSkyLUT.SampleCountMin:4.0]]
[2022.10.14-10.41.26:340][  0]LogConfig: Setting CVar [[r.SkyAtmosphere.FastSkyLUT.SampleCountMax:32.0]]
[2022.10.14-10.41.26:340][  0]LogConfig: Setting CVar [[r.SkyAtmosphere.SampleCountMin:4.0]]
[2022.10.14-10.41.26:340][  0]LogConfig: Setting CVar [[r.SkyAtmosphere.SampleCountMax:32.0]]
[2022.10.14-10.41.26:340][  0]LogConfig: Setting CVar [[r.SkyAtmosphere.TransmittanceLUT.UseSmallFormat:0]]
[2022.10.14-10.41.26:340][  0]LogConfig: Setting CVar [[r.SkyAtmosphere.TransmittanceLUT.SampleCount:10.0]]
[2022.10.14-10.41.26:340][  0]LogConfig: Setting CVar [[r.SkyAtmosphere.MultiScatteringLUT.SampleCount:15.0]]
[2022.10.14-10.41.26:340][  0]LogConfig: Applying CVar settings from Section [FoliageQuality@3] File [C:/Users/Hugh/Documents/GitHub/DataArenaProject/Saved/Config/Windows/Scalability.ini]
[2022.10.14-10.41.26:340][  0]LogConfig: Setting CVar [[foliage.DensityScale:1.0]]
[2022.10.14-10.41.26:340][  0]LogConfig: Setting CVar [[grass.DensityScale:1.0]]
[2022.10.14-10.41.26:340][  0]LogConfig: Applying CVar settings from Section [ShadingQuality@3] File [C:/Users/Hugh/Documents/GitHub/DataArenaProject/Saved/Config/Windows/Scalability.ini]
[2022.10.14-10.41.26:340][  0]LogConfig: Setting CVar [[r.HairStrands.SkyLighting.SampleCount:16]]
[2022.10.14-10.41.26:340][  0]LogConfig: Setting CVar [[r.HairStrands.SkyLighting.JitterIntegration:0]]
[2022.10.14-10.41.26:340][  0]LogConfig: Setting CVar [[r.HairStrands.SkyAO.SampleCount:16]]
[2022.10.14-10.41.26:340][  0]LogConfig: Setting CVar [[r.HairStrands.DeepShadow.SuperSampling:0]]
[2022.10.14-10.41.26:340][  0]LogConfig: Setting CVar [[r.HairStrands.VisibilityPPLL:0]]
[2022.10.14-10.41.26:340][  0]LogConfig: Setting CVar [[r.HairStrands.RasterizationScale:0.5]]
[2022.10.14-10.41.26:340][  0]LogConfig: Setting CVar [[r.HairStrands.VelocityRasterizationScale:1]]
[2022.10.14-10.41.26:340][  0]LogConfig: Applying CVar settings from Section [Startup] File [../../../Engine/Config/ConsoleVariables.ini]
[2022.10.14-10.41.26:344][  0]LogConfig: Setting CVar [[net.UseAdaptiveNetUpdateFrequency:0]]
[2022.10.14-10.41.26:344][  0]LogConfig: Setting CVar [[p.chaos.AllowCreatePhysxBodies:1]]
[2022.10.14-10.41.26:344][  0]LogConfig: Setting CVar [[fx.SkipVectorVMBackendOptimizations:1]]
[2022.10.14-10.41.26:344][  0]LogConfig: Applying CVar settings from Section [ConsoleVariables] File [C:/Users/Hugh/Documents/GitHub/DataArenaProject/Saved/Config/Windows/Engine.ini]
[2022.10.14-10.41.26:345][  0]LogInit: Computer: DESKTOP-DICQH70
[2022.10.14-10.41.26:345][  0]LogInit: User: Hugh
[2022.10.14-10.41.26:345][  0]LogInit: CPU Page size=4096, Cores=6
[2022.10.14-10.41.26:345][  0]LogInit: High frequency timer resolution =10.000000 MHz
[2022.10.14-10.41.26:346][  0]LogMemory: Memory total: Physical=31.9GB (32GB approx)
[2022.10.14-10.41.26:346][  0]LogMemory: Platform Memory Stats for Windows
[2022.10.14-10.41.26:346][  0]LogMemory: Process Physical Memory: 115.96 MB used, 115.97 MB peak
[2022.10.14-10.41.26:346][  0]LogMemory: Process Virtual Memory: 97.16 MB used, 97.16 MB peak
[2022.10.14-10.41.26:346][  0]LogMemory: Physical Memory: 15503.43 MB used,  17194.25 MB free, 32697.68 MB total
[2022.10.14-10.41.26:346][  0]LogMemory: Virtual Memory: 5166.71 MB used,  134212560.00 MB free, 134217728.00 MB total
[2022.10.14-10.41.26:361][  0]LogWindows: WindowsPlatformFeatures enabled
[2022.10.14-10.41.26:694][  0]LogInit: Physics initialised using underlying interface: PhysX
[2022.10.14-10.41.26:698][  0]LogInit: Using OS detected language (en-GB).
[2022.10.14-10.41.26:698][  0]LogInit: Using OS detected locale (en-AU).
[2022.10.14-10.41.26:711][  0]LogTextLocalizationManager: No specific localization for 'en-GB' exists, so the 'en' localization will be used.
[2022.10.14-10.41.26:999][  0]LogInit: Setting process to per monitor DPI aware
[2022.10.14-10.41.27:144][  0]LogSlate: New Slate User Created.  User Index 0, Is Virtual User: 0
[2022.10.14-10.41.27:145][  0]LogSlate: Slate User Registered.  User Index 0, Is Virtual User: 0
[2022.10.14-10.41.29:470][  0]LogHMD: Failed to initialize OpenVR with code 110
[2022.10.14-10.41.29:470][  0]LogD3D11RHI: D3D11 min allowed feature level: 11_0
[2022.10.14-10.41.29:470][  0]LogD3D11RHI: D3D11 max allowed feature level: 11_0
[2022.10.14-10.41.29:470][  0]LogD3D11RHI: D3D11 adapters:
[2022.10.14-10.41.29:573][  0]LogD3D11RHI:    0. 'NVIDIA GeForce GTX 1080 Ti' (Feature Level 11_0)
[2022.10.14-10.41.29:573][  0]LogD3D11RHI:       11127/0/16348 MB DedicatedVideo/DedicatedSystem/SharedSystem, Outputs:3, VendorId:0x10de
[2022.10.14-10.41.29:576][  0]LogD3D11RHI:    1. 'Microsoft Basic Render Driver' (Feature Level 11_0)
[2022.10.14-10.41.29:576][  0]LogD3D11RHI:       0/0/16348 MB DedicatedVideo/DedicatedSystem/SharedSystem, Outputs:0, VendorId:0x1414
[2022.10.14-10.41.29:576][  0]LogD3D11RHI: Chosen D3D11 Adapter: 0
[2022.10.14-10.41.29:587][  0]LogD3D11RHI: Creating new Direct3DDevice
[2022.10.14-10.41.29:587][  0]LogD3D11RHI:     GPU DeviceId: 0x1b06 (for the marketing name, search the web for "GPU Device Id")
[2022.10.14-10.41.29:588][  0]LogWindows: EnumDisplayDevices:
[2022.10.14-10.41.29:588][  0]LogWindows:    0. 'NVIDIA GeForce GTX 1080 Ti' (P:1 D:1)
[2022.10.14-10.41.29:588][  0]LogWindows:    1. 'NVIDIA GeForce GTX 1080 Ti' (P:0 D:1)
[2022.10.14-10.41.29:588][  0]LogWindows:    2. 'NVIDIA GeForce GTX 1080 Ti' (P:0 D:1)
[2022.10.14-10.41.29:588][  0]LogWindows:    3. 'NVIDIA GeForce GTX 1080 Ti' (P:0 D:0)
[2022.10.14-10.41.29:589][  0]LogWindows: DebugString: FoundDriverCount:4 
[2022.10.14-10.41.29:589][  0]LogD3D11RHI:     Adapter Name: NVIDIA GeForce GTX 1080 Ti
[2022.10.14-10.41.29:589][  0]LogD3D11RHI:   Driver Version: 512.15 (internal:30.0.15.1215, unified:512.15)
[2022.10.14-10.41.29:589][  0]LogD3D11RHI:      Driver Date: 3-17-2022
[2022.10.14-10.41.29:589][  0]LogRHI: Texture pool is 7788 MB (70% of 11127 MB)
[2022.10.14-10.41.29:641][  0]LogD3D11RHI: RHI has support for 64 bit atomics
[2022.10.14-10.41.29:642][  0]LogD3D11RHI: Async texture creation enabled
[2022.10.14-10.41.29:642][  0]LogD3D11RHI: Array index from any shader is supported
[2022.10.14-10.41.29:727][  0]LogD3D11RHI: GPU Timing Frequency: 1000.000000 (Debug: 2 1)
[2022.10.14-10.41.30:357][  0]LogTargetPlatformManager: Display: Loaded TargetPlatform 'AllDesktop'
[2022.10.14-10.41.30:389][  0]LogTargetPlatformManager: Display: Loaded TargetPlatform 'Android'
[2022.10.14-10.41.30:389][  0]LogTargetPlatformManager: Display: Loaded TargetPlatform 'Android_ASTC'
[2022.10.14-10.41.30:389][  0]LogTargetPlatformManager: Display: Loaded TargetPlatform 'Android_DXT'
[2022.10.14-10.41.30:389][  0]LogTargetPlatformManager: Display: Loaded TargetPlatform 'Android_ETC2'
[2022.10.14-10.41.30:389][  0]LogTargetPlatformManager: Display: Loaded TargetPlatform 'AndroidClient'
[2022.10.14-10.41.30:389][  0]LogTargetPlatformManager: Display: Loaded TargetPlatform 'Android_ASTCClient'
[2022.10.14-10.41.30:389][  0]LogTargetPlatformManager: Display: Loaded TargetPlatform 'Android_DXTClient'
[2022.10.14-10.41.30:389][  0]LogTargetPlatformManager: Display: Loaded TargetPlatform 'Android_ETC2Client'
[2022.10.14-10.41.30:389][  0]LogTargetPlatformManager: Display: Loaded TargetPlatform 'Android_Multi'
[2022.10.14-10.41.30:389][  0]LogTargetPlatformManager: Display: Loaded TargetPlatform 'Android_MultiClient'
[2022.10.14-10.41.30:451][  0]LogTargetPlatformManager: Display: Loaded TargetPlatform 'IOSClient'
[2022.10.14-10.41.30:451][  0]LogTargetPlatformManager: Display: Loaded TargetPlatform 'IOS'
[2022.10.14-10.41.30:478][  0]LogTargetPlatformManager: Display: Loaded TargetPlatform 'Linux'
[2022.10.14-10.41.30:497][  0]LogTargetPlatformManager: Display: Loaded TargetPlatform 'LinuxNoEditor'
[2022.10.14-10.41.30:516][  0]LogTargetPlatformManager: Display: Loaded TargetPlatform 'LinuxClient'
[2022.10.14-10.41.30:534][  0]LogTargetPlatformManager: Display: Loaded TargetPlatform 'LinuxServer'
[2022.10.14-10.41.30:552][  0]LogTargetPlatformManager: Display: Loaded TargetPlatform 'LinuxAArch64NoEditor'
[2022.10.14-10.41.30:573][  0]LogTargetPlatformManager: Display: Loaded TargetPlatform 'LinuxAArch64Client'
[2022.10.14-10.41.30:592][  0]LogTargetPlatformManager: Display: Loaded TargetPlatform 'LinuxAArch64Server'
[2022.10.14-10.41.30:626][  0]LogTargetPlatformManager: Display: Loaded TargetPlatform 'Lumin'
[2022.10.14-10.41.30:626][  0]LogTargetPlatformManager: Display: Loaded TargetPlatform 'LuminClient'
[2022.10.14-10.41.30:648][  0]LogTargetPlatformManager: Display: Loaded TargetPlatform 'TVOSClient'
[2022.10.14-10.41.30:648][  0]LogTargetPlatformManager: Display: Loaded TargetPlatform 'TVOS'
[2022.10.14-10.41.30:669][  0]LogTargetPlatformManager: Display: Loaded TargetPlatform 'WindowsNoEditor'
[2022.10.14-10.41.30:690][  0]LogTargetPlatformManager: Display: Loaded TargetPlatform 'Windows'
[2022.10.14-10.41.30:709][  0]LogTargetPlatformManager: Display: Loaded TargetPlatform 'WindowsClient'
[2022.10.14-10.41.30:728][  0]LogTargetPlatformManager: Display: Loaded TargetPlatform 'WindowsServer'
[2022.10.14-10.41.30:728][  0]LogTargetPlatformManager: Display: Building Assets For Windows
[2022.10.14-10.41.30:791][  0]LogAudioDebug: Display: Lib vorbis DLL was dynamically loaded.
[2022.10.14-10.41.31:121][  0]LogShaderCompilers: Guid format shader working directory is -3 characters bigger than the processId version (C:/Users/Hugh/Documents/GitHub/DataArenaProject/Intermediate/Shaders/WorkingDirectory/26108/).
[2022.10.14-10.41.31:122][  0]LogShaderCompilers: Cleaned the shader compiler working directory 'C:/Users/Hugh/AppData/Local/Temp/UnrealShaderWorkingDir/BEC23B734066D123E9D4B8AE207DB952/'.
[2022.10.14-10.41.31:123][  0]LogXGEController: Cleaning working directory: C:/Users/Hugh/AppData/Local/Temp/UnrealXGEWorkingDir/
[2022.10.14-10.41.31:123][  0]LogXGEController: Cannot use XGE Controller as Incredibuild is not installed on this machine.
[2022.10.14-10.41.31:124][  0]LogShaderCompilers: Cannot use XGE Shader Compiler as Incredibuild is not installed on this machine.
[2022.10.14-10.41.31:124][  0]LogShaderCompilers: Display: Using Local Shader Compiler.
[2022.10.14-10.41.33:499][  0]LogDerivedDataCache: Display: Max Cache Size: 512 MB
[2022.10.14-10.41.33:591][  0]LogDerivedDataCache: Loaded boot cache 0.09s 75MB C:/Users/Hugh/AppData/Local/UnrealEngine/4.25/DerivedDataCache/Boot.ddc.
[2022.10.14-10.41.33:591][  0]LogDerivedDataCache: Display: Loaded Boot cache: C:/Users/Hugh/AppData/Local/UnrealEngine/4.25/DerivedDataCache/Boot.ddc
[2022.10.14-10.41.33:591][  0]LogDerivedDataCache: FDerivedDataBackendGraph:  Pak pak cache file C:/Users/Hugh/Documents/GitHub/DataArenaProject/DerivedDataCache/DDC.ddp not found, will not use a pak cache.
[2022.10.14-10.41.33:591][  0]LogDerivedDataCache: Unable to find inner node Pak for hierarchical cache Hierarchy.
[2022.10.14-10.41.33:591][  0]LogDerivedDataCache: FDerivedDataBackendGraph:  CompressedPak pak cache file C:/Users/Hugh/Documents/GitHub/DataArenaProject/DerivedDataCache/Compressed.ddp not found, will not use a pak cache.
[2022.10.14-10.41.33:591][  0]LogDerivedDataCache: Unable to find inner node CompressedPak for hierarchical cache Hierarchy.
[2022.10.14-10.41.33:607][  0]LogDerivedDataCache: Display: Pak cache opened for reading ../../../Engine/DerivedDataCache/Compressed.ddp.
[2022.10.14-10.41.33:607][  0]LogDerivedDataCache: FDerivedDataBackendGraph:  EnterprisePak pak cache file ../../../Enterprise/DerivedDataCache/Compressed.ddp not found, will not use a pak cache.
[2022.10.14-10.41.33:607][  0]LogDerivedDataCache: Unable to find inner node EnterprisePak for hierarchical cache Hierarchy.
[2022.10.14-10.41.33:608][  0]LogDerivedDataCache: Using Local data cache path C:/Users/Hugh/AppData/Local/UnrealEngine/Common/DerivedDataCache: Writable
[2022.10.14-10.41.33:608][  0]LogDerivedDataCache: Shared data cache path not found in *engine.ini, will not use an Shared cache.
[2022.10.14-10.41.33:608][  0]LogDerivedDataCache: Unable to find inner node Shared for hierarchical cache Hierarchy.
[2022.10.14-10.41.33:657][  0]LogSlate: Using FreeType 2.10.0
[2022.10.14-10.41.33:671][  0]LogSlate: SlateFontServices - WITH_FREETYPE: 1, WITH_HARFBUZZ: 1
[2022.10.14-10.41.33:814][  0]LogAssetRegistry: FAssetRegistry took 0.0042 seconds to start up
[2022.10.14-10.41.34:233][  0]LogInit: Selected Device Profile: [Windows]
[2022.10.14-10.41.34:657][  0]LogMeshReduction: Using QuadricMeshReduction for automatic static mesh reduction
[2022.10.14-10.41.34:657][  0]LogMeshReduction: Using SimplygonMeshReduction for automatic skeletal mesh reduction
[2022.10.14-10.41.34:657][  0]LogMeshReduction: Using ProxyLODMeshReduction for automatic mesh merging
[2022.10.14-10.41.34:657][  0]LogMeshReduction: No distributed automatic mesh merging module available
[2022.10.14-10.41.34:657][  0]LogMeshMerging: No distributed automatic mesh merging module available
[2022.10.14-10.41.34:747][  0]LogNetVersion: DemographicData 1.0.0, NetCL: 13144385, EngineNetVer: 14, GameNetVer: 0 (Checksum: 2357709387)
[2022.10.14-10.41.36:962][  0]LogAISub: UAISubsystem::UAISubsystem AISubsystem (0000024D6F63A980), frame # 0
[2022.10.14-10.41.36:962][  0]LogAISub: UAISubsystem::UAISubsystem AIPerceptionSystem (0000024D6F4AF9C0), frame # 0
[2022.10.14-10.41.36:968][  0]LogAISub: UAISubsystem::UAISubsystem EnvQueryManager (0000024D6F511C00), frame # 0
[2022.10.14-10.41.37:068][  0]LogPackageLocalizationCache: Processed 19 localized package path(s) for 1 prioritized culture(s) in 0.048786 seconds
[2022.10.14-10.41.37:072][  0]LogUObjectArray: 15917 objects as part of root set at end of initial load.
[2022.10.14-10.41.37:072][  0]LogUObjectAllocator: 3965568 out of 0 bytes used by permanent object pool.
[2022.10.14-10.41.37:072][  0]LogUObjectArray: CloseDisregardForGC: 0/0 objects in disregard for GC pool
[2022.10.14-10.41.38:945][  0]LogTcpMessaging: Initializing TcpMessaging bridge
[2022.10.14-10.41.38:965][  0]LogUdpMessaging: Initializing bridge on interface 0.0.0.0:0 to multicast group 230.0.0.1:6666.
[2022.10.14-10.41.39:338][  0]SourceControl: Source control is disabled
[2022.10.14-10.41.39:339][  0]SourceControl: Source control is disabled
[2022.10.14-10.41.39:365][  0]SourceControl: Source control is disabled
[2022.10.14-10.41.39:385][  0]SourceControl: Source control is disabled
[2022.10.14-10.41.39:423][  0]SourceControl: Source control is disabled
[2022.10.14-10.41.40:649][  0]LogAndroidPermission: UAndroidPermissionCallbackProxy::GetInstance
[2022.10.14-10.41.40:749][  0]LogAudioCaptureCore: Display: No Audio Capture implementations found. Audio input will be silent.
[2022.10.14-10.41.40:749][  0]LogAudioCaptureCore: Display: No Audio Capture implementations found. Audio input will be silent.
[2022.10.14-10.41.40:936][  0]LogOcInput: OculusInput pre-init called
[2022.10.14-10.41.40:982][  0]LogWindows: Failed to load 'OVRPlugin.dll' (GetLastError=126)
[2022.10.14-10.41.40:982][  0]LogWindows: File 'OVRPlugin.dll' does not exist
[2022.10.14-10.41.41:254][  0]LogEngine: Initializing Engine...
[2022.10.14-10.41.41:262][  0]LogHMD: Failed to initialize OpenVR with code 110
[2022.10.14-10.41.41:262][  0]LogMagicLeap: Warning: VR disabled because ZI is not enabled.  To enable, in the editor, Edit -> Project Settings -> Plugins -> Magic Leap Plugin -> Enable Zero Iteration
[2022.10.14-10.41.41:267][  0]LogStats: UGameplayTagsManager::InitializeManager -  0.002 s
[2022.10.14-10.41.41:522][  0]LogInit: Initializing FReadOnlyCVARCache
[2022.10.14-10.41.41:600][  0]LogAIModule: Creating AISystem for world Untitled
[2022.10.14-10.41.41:600][  0]LogAISub: UAISubsystem::UAISubsystem EnvQueryManager (0000024D713C8600), frame # 0
[2022.10.14-10.41.41:600][  0]LogAISub: UAISubsystem::UAISubsystem AIPerceptionSystem (0000024D713E1080), frame # 0
[2022.10.14-10.41.41:636][  0]LogAudioMixer: Display: Audio Mixer Platform Settings:
[2022.10.14-10.41.41:636][  0]LogAudioMixer: Display: 	Sample Rate:						  48000
[2022.10.14-10.41.41:636][  0]LogAudioMixer: Display: 	Callback Buffer Frame Size Requested: 1024
[2022.10.14-10.41.41:636][  0]LogAudioMixer: Display: 	Callback Buffer Frame Size To Use:	  1024
[2022.10.14-10.41.41:636][  0]LogAudioMixer: Display: 	Number of buffers to queue:			  2
[2022.10.14-10.41.41:636][  0]LogAudioMixer: Display: 	Max Channels (voices):				  32
[2022.10.14-10.41.41:636][  0]LogAudioMixer: Display: 	Number of Async Source Workers:		  0
[2022.10.14-10.41.41:636][  0]LogAudio: Display: AudioDevice MaxSources: 32
[2022.10.14-10.41.41:639][  0]LogAudio: Display: Using built-in audio occlusion.
[2022.10.14-10.41.41:639][  0]LogAudioMixer: Display: Initializing audio mixer.
[2022.10.14-10.41.41:691][  0]LogAudioMixer: Display: 0: FrontLeft
[2022.10.14-10.41.41:691][  0]LogAudioMixer: Display: 1: FrontRight
[2022.10.14-10.41.41:728][  0]LogAudioMixer: Display: Using Audio Device Headphones (DROP Panda Stereo)
[2022.10.14-10.41.41:731][  0]LogAudioMixer: Display: Initializing Sound Submixes...
[2022.10.14-10.41.41:750][  0]LogAudioMixer: Display: Creating Master Submix 'MasterSubmixDefault'
[2022.10.14-10.41.41:750][  0]LogAudioMixer: Display: Creating Master Submix 'MasterReverbSubmixDefault'
[2022.10.14-10.41.41:753][  0]LogAudioMixer: Display: Creating Master Submix 'MasterEQSubmixDefault'
[2022.10.14-10.41.41:754][  0]LogInit: FAudioDevice initialized.
[2022.10.14-10.41.41:756][  0]LogNetVersion: Set ProjectVersion to 1.0.0.0. Version Checksum will be recalculated on next use.
[2022.10.14-10.41.41:796][  0]LogDerivedDataCache: Saved boot cache 0.04s 75MB C:/Users/Hugh/AppData/Local/UnrealEngine/4.25/DerivedDataCache/Boot.ddc.
[2022.10.14-10.41.41:796][  0]LogInit: Texture streaming: Enabled
[2022.10.14-10.41.41:868][  0]LogEngineSessionManager: EngineSessionManager initialized
[2022.10.14-10.41.41:868][  0]LogEditorSessionSummary: Verbose: Initializing EditorSessionSummaryWriter for editor session tracking
[2022.10.14-10.41.41:872][  0]LogEditorSessionSummary: EditorSessionSummaryWriter initialized
[2022.10.14-10.41.41:951][  0]LogInit: Transaction tracking system initialized
[2022.10.14-10.41.42:084][  0]BlueprintLog: New page: Editor Load
[2022.10.14-10.41.42:502][  0]LocalizationService: Localization service is disabled
[2022.10.14-10.41.43:173][  0]LogCook: Display: Max memory allowance for cook 16384mb min free memory 0mb
[2022.10.14-10.41.43:173][  0]LogCook: Display: Mobile HDR setting 1
[2022.10.14-10.41.43:866][  0]LogFileCache: Scanning file cache for directory 'C:/Users/Hugh/Documents/GitHub/DataArenaProject/Content/' took 0.01s
[2022.10.14-10.41.44:194][  0]SourceControl: Source control is disabled
[2022.10.14-10.41.44:194][  0]LogUnrealEdMisc: Loading editor; pre map load, took 22.100
[2022.10.14-10.41.44:196][  0]Cmd: MAP LOAD FILE="C:/Users/Hugh/Documents/GitHub/DataArenaProject/Content/ScenicMenu.umap" TEMPLATE=0 SHOWPROGRESS=1 FEATURELEVEL=3
[2022.10.14-10.41.44:202][  0]LightingResults: New page: Lighting Build
[2022.10.14-10.41.44:211][  0]LogWorld: UWorld::CleanupWorld for Untitled, bSessionEnded=true, bCleanupResources=true
[2022.10.14-10.41.44:212][  0]LogSlate: InvalidateAllWidgets triggered.  All widgets were invalidated
[2022.10.14-10.41.44:214][  0]MapCheck: New page: Map Check
[2022.10.14-10.41.44:214][  0]LightingResults: New page: Lighting Build
[2022.10.14-10.41.44:241][  0]LogAISub: UAISubsystem::~UAISubsystem EnvQueryManager (0000024D713C8600), frame # 0
[2022.10.14-10.41.44:241][  0]LogAISub: UAISubsystem::~UAISubsystem AIPerceptionSystem (0000024D713E1080), frame # 0
[2022.10.14-10.41.44:242][  0]LogUObjectHash: Compacting FUObjectHashTables data took   0.53ms
[2022.10.14-10.41.44:437][  0]LogAIModule: Creating AISystem for world ScenicMenu
[2022.10.14-10.41.44:437][  0]LogAISub: UAISubsystem::UAISubsystem EnvQueryManager (0000024D60F0F200), frame # 0
[2022.10.14-10.41.44:437][  0]LogAISub: UAISubsystem::UAISubsystem AIPerceptionSystem (0000024D60F491C0), frame # 0
[2022.10.14-10.41.44:466][  0]LogEditorServer: Finished looking for orphan Actors (0.000 secs)
[2022.10.14-10.41.44:483][  0]LogUObjectHash: Compacting FUObjectHashTables data took   0.57ms
[2022.10.14-10.41.44:483][  0]Cmd: MAP CHECKDEP NOCLEARLOG
[2022.10.14-10.41.44:484][  0]MapCheck: Map check complete: 0 Error(s), 0 Warning(s), took 0.137ms to complete.
[2022.10.14-10.41.44:484][  0]LogFileHelpers: Loading map 'ScenicMenu' took 0.289
[2022.10.14-10.41.44:527][  0]LogUnrealEdMisc: Total Editor Startup Time, took 22.432
[2022.10.14-10.41.44:681][  0]LogSlate: Updating window title bar state: overlay mode, drag disabled, window buttons hidden, title bar hidden
[2022.10.14-10.41.44:687][  0]LogSlate: Updating window title bar state: overlay mode, drag disabled, window buttons hidden, title bar hidden
[2022.10.14-10.41.44:693][  0]LogSlate: Updating window title bar state: overlay mode, drag disabled, window buttons hidden, title bar hidden
[2022.10.14-10.41.44:700][  0]LogSlate: Updating window title bar state: overlay mode, drag disabled, window buttons hidden, title bar hidden
[2022.10.14-10.41.44:726][  0]LogCollectionManager: Loaded 0 collections in 0.000703 seconds
[2022.10.14-10.41.44:763][  0]LogFileCache: Scanning file cache for directory 'C:/Users/Hugh/Documents/GitHub/DataArenaProject/Saved/Collections/' took 0.00s
[2022.10.14-10.41.44:763][  0]LogFileCache: Scanning file cache for directory 'C:/Users/Hugh/Documents/GitHub/DataArenaProject/Content/Developers/Hugh/Collections/' took 0.00s
[2022.10.14-10.41.44:763][  0]LogFileCache: Scanning file cache for directory 'C:/Users/Hugh/Documents/GitHub/DataArenaProject/Content/Collections/' took 0.00s
[2022.10.14-10.41.44:763][  0]LogContentBrowser: Native class hierarchy populated in 0.0073 seconds. Added 3427 classes and 821 folders.
[2022.10.14-10.41.44:774][  0]LogContentBrowser: Native class hierarchy updated for 'WidgetCarousel' in 0.0003 seconds. Added 0 classes and 0 folders.
[2022.10.14-10.41.45:123][  0]LogContentBrowser: Native class hierarchy updated for 'AddContentDialog' in 0.0002 seconds. Added 0 classes and 0 folders.
[2022.10.14-10.41.45:129][  0]LogContentBrowser: Native class hierarchy updated for 'SceneOutliner' in 0.0002 seconds. Added 2 classes and 0 folders.
[2022.10.14-10.41.45:227][  0]LogSlate: Took 0.004766 seconds to synchronously load lazily loaded font '../../../Engine/Content/Slate/Fonts/Roboto-Regular.ttf' (155K)
[2022.10.14-10.41.45:234][  0]LogSlate: Took 0.003768 seconds to synchronously load lazily loaded font '../../../Engine/Content/Slate/Fonts/Roboto-Bold.ttf' (160K)
[2022.10.14-10.41.45:250][  0]LogSlate: Took 0.007140 seconds to synchronously load lazily loaded font '../../../Engine/Content/Editor/Slate/Fonts/FontAwesome.ttf' (139K)
[2022.10.14-10.41.45:370][  0]LogRenderer: Reallocating scene render targets to support 1208x572 Format 10 NumSamples 1 (Frame:1).
[2022.10.14-10.41.45:486][  0]LogSlate: Took 0.004109 seconds to synchronously load lazily loaded font '../../../Engine/Content/Slate/Fonts/Roboto-Light.ttf' (167K)
[2022.10.14-10.41.45:579][  0]LogContentBrowser: Native class hierarchy updated for 'HierarchicalLODOutliner' in 0.0002 seconds. Added 0 classes and 0 folders.
[2022.10.14-10.41.45:579][  0]LogLoad: (Engine Initialization) Total time: 23.48 seconds
[2022.10.14-10.41.45:579][  0]LogLoad: (Engine Initialization) Total Blueprint compile time: 0.00 seconds
[2022.10.14-10.41.45:632][  0]LogAssetRegistry: Asset discovery search completed in 11.8200 seconds
[2022.10.14-10.41.45:636][  0]LogCollectionManager: Fixed up redirectors for 0 collections in 0.000249 seconds (updated 0 objects)
[2022.10.14-10.41.45:648][  0]LogContentStreaming: Texture pool size now 1000 MB
[2022.10.14-10.41.46:604][105]LogSlate: Took 0.000115 seconds to synchronously load lazily loaded font '../../../Engine/Content/Slate/Fonts/Roboto-Light.ttf' (167K)
[2022.10.14-14.55.38:907][596]LogAudioMixer: Warning: Changing default audio render device to new device: {0.0.0.00000000}.{4dbe625e-214d-43ae-9a66-9a37f346c748}.
[2022.10.14-14.55.38:907][596]LogTemp: Resetting audio stream to device id 
[2022.10.14-14.55.38:929][596]LogAudioMixer: Display: 0: FrontLeft
[2022.10.14-14.55.38:929][596]LogAudioMixer: Display: 1: FrontRight
[2022.10.14-15.51.29:332][619]LogAudioMixer: Warning: Changing default audio render device to new device: {0.0.0.00000000}.{90119249-7616-4dfe-b591-66fe07162c20}.
[2022.10.14-15.51.29:332][619]LogTemp: Resetting audio stream to device id 
[2022.10.14-15.51.29:339][619]LogAudioMixer: Display: 0: FrontLeft
[2022.10.14-15.51.29:339][619]LogAudioMixer: Display: 1: FrontRight
[2022.10.14-15.51.29:405][619]LogAudioMixer: Error: XAudio2 Error: XAudio2System->CreateMasteringVoice( &OutputAudioStreamMasteringVoice, AudioStreamInfo.DeviceInfo.NumChannels, AudioStreamInfo.DeviceInfo.SampleRate, 0, nullptr, nullptr, AudioCategory_GameEffects) -> 0x88960001: The operation completed successfully. (line: 1179)
[2022.10.14-15.51.30:344][622]LogTemp: Resetting audio stream to device id 
[2022.10.14-15.51.30:375][622]LogAudioMixer: Display: 0: FrontLeft
[2022.10.14-15.51.30:375][622]LogAudioMixer: Display: 1: FrontRight
[2022.10.15-00.54.15:706][512]LogAudioMixer: Warning: Changing default audio render device to new device: {0.0.0.00000000}.{90119249-7616-4dfe-b591-66fe07162c20}.
[2022.10.15-00.54.15:706][512]LogTemp: Resetting audio stream to device id 
[2022.10.15-00.54.16:523][512]LogAudioMixer: Display: 0: FrontLeft
[2022.10.15-00.54.16:523][512]LogAudioMixer: Display: 1: FrontRight
[2022.10.15-00.54.16:914][514]LogAudioMixer: Warning: Changing default audio render device to new device: {0.0.0.00000000}.{90119249-7616-4dfe-b591-66fe07162c20}.
[2022.10.15-00.54.16:914][514]LogTemp: Resetting audio stream to device id 
[2022.10.15-00.54.19:120][514]LogAudioMixer: Display: 0: FrontLeft
[2022.10.15-00.54.19:120][514]LogAudioMixer: Display: 1: FrontRight
[2022.10.15-00.54.19:163][515]LogTemp: Resetting audio stream to device id 
[2022.10.15-00.54.19:185][515]LogAudioMixer: Display: 0: FrontLeft
[2022.10.15-00.54.19:185][515]LogAudioMixer: Display: 1: FrontRight
[2022.10.15-01.01.51:961][869]LogAudioMixer: Warning: Changing default audio render device to new device: {0.0.0.00000000}.{90119249-7616-4dfe-b591-66fe07162c20}.
[2022.10.15-01.01.51:961][869]LogTemp: Resetting audio stream to device id 
[2022.10.15-01.01.51:990][869]LogAudioMixer: Display: 0: FrontLeft
[2022.10.15-01.01.51:990][869]LogAudioMixer: Display: 1: FrontRight
[2022.10.15-02.09.24:958][915]LogAudioMixer: Warning: Changing default audio render device to new device: {0.0.0.00000000}.{5846feff-13d5-4bb1-8458-5b7eefb1fe22}.
[2022.10.15-02.09.24:958][915]LogTemp: Resetting audio stream to device id 
[2022.10.15-02.09.24:994][915]LogAudioMixer: Display: 0: FrontLeft
[2022.10.15-02.09.24:994][915]LogAudioMixer: Display: 1: FrontRight
